2012-02-13 09:56:46 Notice: Notice (8): Undefined property: UsersController::$request in [/var/www/html/app/controllers/users_controller.php, line 24]
2012-02-13 10:00:40 Notice: Notice (8): Undefined property: UsersController::$request in [/var/www/html/app/controllers/users_controller.php, line 24]
2012-02-13 10:00:41 Notice: Notice (8): Undefined property: UsersController::$request in [/var/www/html/app/controllers/users_controller.php, line 24]
2012-02-13 10:01:06 Notice: Notice (8): Undefined property: UsersController::$request in [/var/www/html/app/controllers/users_controller.php, line 24]
2012-02-13 10:16:12 Notice: Notice (8): Undefined property: UsersController::$request in [/var/www/html/app/controllers/users_controller.php, line 22]
2012-02-13 10:18:23 Notice: Notice (8): Undefined property: UsersController::$request in [/var/www/html/app/controllers/users_controller.php, line 24]
2012-02-13 10:18:23 Notice: Notice (8): Trying to get property of non-object in [/var/www/html/app/controllers/users_controller.php, line 24]
2012-02-13 10:29:13 Notice: Notice (8): Undefined property: UsersController::$request in [/var/www/html/app/controllers/users_controller.php, line 25]
2012-02-13 10:29:13 Notice: Notice (8): Trying to get property of non-object in [/var/www/html/app/controllers/users_controller.php, line 25]
2012-02-13 10:33:15 Notice: Notice (8): Undefined property: UsersController::$request in [/var/www/html/app/controllers/users_controller.php, line 25]
2012-02-13 10:33:15 Notice: Notice (8): Trying to get property of non-object in [/var/www/html/app/controllers/users_controller.php, line 25]
2012-02-13 10:33:15 Notice: Notice (8): Undefined property: UsersController::$request in [/var/www/html/app/controllers/users_controller.php, line 26]
2012-02-13 10:33:15 Notice: Notice (8): Trying to get property of non-object in [/var/www/html/app/controllers/users_controller.php, line 26]
2012-02-14 11:23:12 Notice: Notice (8): Undefined variable: facebook in [/var/www/html/app/views/layouts/default.ctp, line 1]
2012-02-14 11:23:12 Notice: Notice (8): Undefined variable: facebook in [/var/www/html/app/views/layouts/default.ctp, line 1]
2012-02-14 11:23:12 Notice: Notice (8): Undefined variable: facebook in [/var/www/html/app/views/layouts/default.ctp, line 1]
2012-02-14 11:23:12 Notice: Notice (8): Undefined variable: facebook in [/var/www/html/app/views/layouts/default.ctp, line 1]
2012-02-14 11:23:17 Notice: Notice (8): Undefined variable: facebook in [/var/www/html/app/views/layouts/default.ctp, line 1]
2012-02-14 11:24:11 Notice: Notice (8): Undefined variable: facebook in [/var/www/html/app/views/layouts/default.ctp, line 1]
2012-02-14 11:24:11 Notice: Notice (8): Undefined variable: facebook in [/var/www/html/app/views/layouts/default.ctp, line 1]
2012-02-14 11:24:11 Notice: Notice (8): Undefined variable: facebook in [/var/www/html/app/views/layouts/default.ctp, line 1]
2012-02-14 11:24:11 Notice: Notice (8): Undefined variable: facebook in [/var/www/html/app/views/layouts/default.ctp, line 1]
2012-02-14 11:24:12 Notice: Notice (8): Undefined variable: facebook in [/var/www/html/app/views/layouts/default.ctp, line 1]
2012-02-14 11:24:59 Notice: Notice (8): Undefined variable: facebook in [/var/www/html/app/views/layouts/default.ctp, line 1]
2012-02-14 11:24:59 Notice: Notice (8): Undefined variable: facebook in [/var/www/html/app/views/layouts/default.ctp, line 1]
2012-02-14 11:24:59 Notice: Notice (8): Undefined variable: facebook in [/var/www/html/app/views/layouts/default.ctp, line 1]
2012-02-14 11:24:59 Notice: Notice (8): Undefined variable: facebook in [/var/www/html/app/views/layouts/default.ctp, line 1]
2012-02-14 11:24:59 Notice: Notice (8): Undefined variable: facebook in [/var/www/html/app/views/layouts/default.ctp, line 1]
2012-02-14 11:24:59 Notice: Notice (8): Undefined variable: facebook in [/var/www/html/app/views/layouts/default.ctp, line 1]
2012-02-14 11:25:00 Notice: Notice (8): Undefined variable: facebook in [/var/www/html/app/views/layouts/default.ctp, line 1]
2012-02-14 11:25:00 Notice: Notice (8): Undefined variable: facebook in [/var/www/html/app/views/layouts/default.ctp, line 1]
2012-02-14 11:25:55 Notice: Notice (8): Undefined variable: facebook in [/var/www/html/app/views/layouts/default.ctp, line 1]
2012-02-14 11:25:55 Notice: Notice (8): Undefined variable: facebook in [/var/www/html/app/views/layouts/default.ctp, line 1]
2012-02-14 11:25:55 Notice: Notice (8): Undefined variable: facebook in [/var/www/html/app/views/layouts/default.ctp, line 1]
2012-02-14 11:25:55 Notice: Notice (8): Undefined variable: facebook in [/var/www/html/app/views/layouts/default.ctp, line 1]
2012-02-14 11:25:55 Notice: Notice (8): Undefined variable: facebook in [/var/www/html/app/views/layouts/default.ctp, line 1]
2012-02-14 11:27:05 Notice: Notice (8): Undefined variable: facebook in [/var/www/html/app/views/layouts/default.ctp, line 1]
2012-02-14 11:27:05 Notice: Notice (8): Undefined variable: facebook in [/var/www/html/app/views/layouts/default.ctp, line 1]
2012-02-14 11:27:06 Notice: Notice (8): Undefined variable: facebook in [/var/www/html/app/views/layouts/default.ctp, line 1]
2012-02-14 11:27:06 Notice: Notice (8): Undefined variable: facebook in [/var/www/html/app/views/layouts/default.ctp, line 1]
2012-02-14 11:27:10 Notice: Notice (8): Undefined variable: facebook in [/var/www/html/app/views/layouts/default.ctp, line 1]
2012-02-14 11:28:26 Notice: Notice (8): Undefined variable: facebook in [/var/www/html/app/views/layouts/default.ctp, line 1]
2012-02-14 11:36:57 Notice: Notice (8): Undefined variable: facebook in [/var/www/html/app/views/layouts/default.ctp, line 1]
2012-02-14 11:36:57 Notice: Notice (8): Undefined variable: facebook in [/var/www/html/app/views/layouts/default.ctp, line 1]
2012-02-14 11:36:57 Notice: Notice (8): Undefined variable: facebook in [/var/www/html/app/views/layouts/default.ctp, line 1]
2012-02-14 11:36:57 Notice: Notice (8): Undefined variable: facebook in [/var/www/html/app/views/layouts/default.ctp, line 1]
2012-02-14 11:36:58 Notice: Notice (8): Undefined variable: facebook in [/var/www/html/app/views/layouts/default.ctp, line 1]
2012-02-14 11:37:26 Notice: Notice (8): Undefined variable: javascript in [/var/www/html/app/views/layouts/default.ctp, line 50]
2012-02-14 11:37:31 Notice: Notice (8): Undefined variable: javascript in [/var/www/html/app/views/layouts/default.ctp, line 50]
2012-02-14 11:37:32 Notice: Notice (8): Undefined variable: facebook in [/var/www/html/app/views/layouts/default.ctp, line 1]
2012-02-14 11:41:09 Notice: Notice (8): Undefined variable: facebook in [/var/www/html/app/views/layouts/default.ctp, line 1]
2012-02-14 11:41:10 Notice: Notice (8): Undefined variable: facebook in [/var/www/html/app/views/layouts/default.ctp, line 1]
2012-02-14 11:41:10 Notice: Notice (8): Undefined variable: facebook in [/var/www/html/app/views/layouts/default.ctp, line 1]
2012-02-14 11:41:14 Notice: Notice (8): Undefined variable: facebook in [/var/www/html/app/views/layouts/default.ctp, line 1]
2012-02-14 11:43:48 Notice: Notice (8): Undefined variable: facebook in [/var/www/html/app/views/layouts/default.ctp, line 1]
2012-02-14 11:43:49 Notice: Notice (8): Undefined variable: facebook in [/var/www/html/app/views/layouts/default.ctp, line 1]
2012-02-14 11:43:49 Notice: Notice (8): Undefined variable: facebook in [/var/www/html/app/views/layouts/default.ctp, line 1]
2012-02-14 11:44:23 Notice: Notice (8): Undefined variable: facebook in [/var/www/html/app/views/layouts/default.ctp, line 1]
2012-02-14 11:44:23 Notice: Notice (8): Undefined variable: facebook in [/var/www/html/app/views/layouts/default.ctp, line 1]
2012-02-14 11:44:23 Notice: Notice (8): Undefined variable: facebook in [/var/www/html/app/views/layouts/default.ctp, line 1]
2012-02-14 11:44:27 Notice: Notice (8): Undefined variable: facebook in [/var/www/html/app/views/layouts/default.ctp, line 1]
2012-02-14 11:44:27 Notice: Notice (8): Undefined variable: facebook in [/var/www/html/app/views/layouts/default.ctp, line 1]
2012-02-14 11:44:27 Notice: Notice (8): Undefined variable: facebook in [/var/www/html/app/views/layouts/default.ctp, line 1]
2012-02-14 11:44:51 Notice: Notice (8): Undefined variable: facebook in [/var/www/html/app/views/layouts/default.ctp, line 1]
2012-02-14 11:44:51 Notice: Notice (8): Undefined variable: facebook in [/var/www/html/app/views/layouts/default.ctp, line 1]
2012-02-14 11:44:52 Notice: Notice (8): Undefined variable: facebook in [/var/www/html/app/views/layouts/default.ctp, line 1]
2012-02-14 11:45:49 Notice: Notice (8): Undefined variable: facebook in [/var/www/html/app/views/layouts/default.ctp, line 1]
2012-02-14 11:45:50 Notice: Notice (8): Undefined variable: facebook in [/var/www/html/app/views/layouts/default.ctp, line 1]
2012-02-14 11:45:50 Notice: Notice (8): Undefined variable: facebook in [/var/www/html/app/views/layouts/default.ctp, line 1]
2012-02-14 11:45:51 Notice: Notice (8): Undefined variable: facebook in [/var/www/html/app/views/layouts/default.ctp, line 1]
2012-02-14 11:45:51 Notice: Notice (8): Undefined variable: facebook in [/var/www/html/app/views/layouts/default.ctp, line 1]
2012-02-14 11:45:52 Notice: Notice (8): Undefined variable: facebook in [/var/www/html/app/views/layouts/default.ctp, line 1]
2012-02-14 11:46:43 Notice: Notice (8): Undefined variable: javascript in [/var/www/html/app/views/layouts/default.ctp, line 50]
2012-02-14 11:47:05 Notice: Notice (8): Undefined variable: facebook in [/var/www/html/app/views/layouts/default.ctp, line 1]
2012-02-14 11:47:05 Notice: Notice (8): Undefined variable: facebook in [/var/www/html/app/views/layouts/default.ctp, line 1]
2012-02-14 11:47:07 Notice: Notice (8): Undefined variable: facebook in [/var/www/html/app/views/layouts/default.ctp, line 1]
2012-02-14 11:47:51 Notice: Notice (8): Undefined variable: facebook in [/var/www/html/app/views/layouts/default.ctp, line 2]
2012-02-14 11:47:52 Notice: Notice (8): Undefined variable: facebook in [/var/www/html/app/views/layouts/default.ctp, line 2]
2012-02-14 11:47:52 Notice: Notice (8): Undefined variable: facebook in [/var/www/html/app/views/layouts/default.ctp, line 2]
2012-02-14 11:49:04 Notice: Notice (8): Undefined variable: facebook in [/var/www/html/app/views/layouts/default.ctp, line 2]
2012-02-14 11:49:04 Notice: Notice (8): Undefined variable: facebook in [/var/www/html/app/views/layouts/default.ctp, line 2]
2012-02-14 11:49:05 Notice: Notice (8): Undefined variable: facebook in [/var/www/html/app/views/layouts/default.ctp, line 2]
2012-02-14 11:49:07 Notice: Notice (8): Undefined variable: facebook in [/var/www/html/app/views/layouts/default.ctp, line 2]
2012-02-14 11:49:08 Notice: Notice (8): Undefined variable: facebook in [/var/www/html/app/views/layouts/default.ctp, line 2]
2012-02-14 11:49:08 Notice: Notice (8): Undefined variable: facebook in [/var/www/html/app/views/layouts/default.ctp, line 2]
2012-02-14 11:49:08 Notice: Notice (8): Undefined variable: facebook in [/var/www/html/app/views/layouts/default.ctp, line 2]
2012-02-14 11:49:16 Notice: Notice (8): Undefined variable: facebook in [/var/www/html/app/views/layouts/default.ctp, line 2]
2012-02-14 11:49:16 Notice: Notice (8): Undefined variable: facebook in [/var/www/html/app/views/layouts/default.ctp, line 2]
2012-02-14 11:49:16 Notice: Notice (8): Undefined variable: facebook in [/var/www/html/app/views/layouts/default.ctp, line 2]
2012-02-14 11:51:20 Notice: Notice (8): Undefined variable: facebook in [/var/www/html/app/views/layouts/default.ctp, line 2]
2012-02-14 11:51:23 Notice: Notice (8): Undefined variable: facebook in [/var/www/html/app/views/layouts/default.ctp, line 2]
2012-02-14 11:52:31 Notice: Notice (8): Undefined variable: facebook in [/var/www/html/app/views/layouts/default.ctp, line 2]
2012-02-14 11:52:31 Notice: Notice (8): Undefined variable: facebook in [/var/www/html/app/views/layouts/default.ctp, line 2]
2012-02-14 11:52:35 Notice: Notice (8): Undefined variable: facebook in [/var/www/html/app/views/layouts/default.ctp, line 2]
2012-02-14 12:09:35 Notice: Notice (8): Undefined variable: facebook in [/var/www/html/app/views/layouts/default.ctp, line 2]
2012-02-14 12:09:35 Notice: Notice (8): Undefined variable: facebook in [/var/www/html/app/views/layouts/default.ctp, line 2]
2012-02-14 12:09:37 Notice: Notice (8): Undefined variable: facebook in [/var/www/html/app/views/layouts/default.ctp, line 2]
2012-02-14 12:13:34 Notice: Notice (8): Undefined variable: facebook in [/var/www/html/app/views/layouts/default.ctp, line 2]
2012-02-14 12:13:35 Notice: Notice (8): Undefined variable: facebook in [/var/www/html/app/views/layouts/default.ctp, line 2]
2012-02-14 12:13:36 Notice: Notice (8): Undefined variable: facebook in [/var/www/html/app/views/layouts/default.ctp, line 2]
2012-02-14 12:13:49 Notice: Notice (8): Undefined variable: facebook in [/var/www/html/app/views/layouts/default.ctp, line 2]
2012-02-14 12:13:49 Notice: Notice (8): Undefined variable: facebook in [/var/www/html/app/views/layouts/default.ctp, line 2]
2012-02-14 12:13:49 Notice: Notice (8): Undefined variable: facebook in [/var/www/html/app/views/layouts/default.ctp, line 2]
2012-02-14 12:13:49 Notice: Notice (8): Undefined variable: facebook in [/var/www/html/app/views/layouts/default.ctp, line 2]
2012-02-14 12:14:14 Notice: Notice (8): Undefined variable: facebook in [/var/www/html/app/views/layouts/default.ctp, line 2]
2012-02-14 12:14:14 Notice: Notice (8): Undefined variable: facebook in [/var/www/html/app/views/layouts/default.ctp, line 2]
2012-02-14 12:14:14 Notice: Notice (8): Undefined variable: facebook in [/var/www/html/app/views/layouts/default.ctp, line 2]
2012-02-14 12:23:33 Notice: Notice (8): Undefined variable: facebook in [/var/www/html/app/views/layouts/default.ctp, line 2]
2012-02-14 12:23:33 Notice: Notice (8): Undefined variable: facebook in [/var/www/html/app/views/layouts/default.ctp, line 2]
2012-02-14 12:23:33 Notice: Notice (8): Undefined variable: facebook in [/var/www/html/app/views/layouts/default.ctp, line 2]
2012-02-14 12:23:57 Notice: Notice (8): Undefined variable: facebook in [/var/www/html/app/views/layouts/default.ctp, line 2]
2012-02-14 12:23:57 Notice: Notice (8): Undefined variable: facebook in [/var/www/html/app/views/layouts/default.ctp, line 2]
2012-02-14 12:23:57 Notice: Notice (8): Undefined variable: facebook in [/var/www/html/app/views/layouts/default.ctp, line 2]
2012-02-14 12:24:48 Notice: Notice (8): Undefined variable: facebook in [/var/www/html/app/views/layouts/default.ctp, line 2]
2012-02-14 12:24:48 Notice: Notice (8): Undefined variable: facebook in [/var/www/html/app/views/layouts/default.ctp, line 2]
2012-02-14 12:24:49 Notice: Notice (8): Undefined variable: facebook in [/var/www/html/app/views/layouts/default.ctp, line 2]
2012-02-14 12:25:23 Notice: Notice (8): Undefined variable: facebook in [/var/www/html/app/views/layouts/default.ctp, line 2]
2012-02-14 12:25:23 Notice: Notice (8): Undefined variable: facebook in [/var/www/html/app/views/layouts/default.ctp, line 2]
2012-02-14 12:25:23 Notice: Notice (8): Undefined variable: facebook in [/var/www/html/app/views/layouts/default.ctp, line 2]
2012-02-14 12:25:24 Notice: Notice (8): Undefined variable: facebook in [/var/www/html/app/views/layouts/default.ctp, line 2]
2012-02-14 12:32:11 Notice: Notice (8): Undefined variable: facebook in [/var/www/html/app/views/layouts/default.ctp, line 2]
2012-02-14 12:32:11 Notice: Notice (8): Undefined variable: facebook in [/var/www/html/app/views/layouts/default.ctp, line 2]
2012-02-14 12:32:12 Notice: Notice (8): Undefined variable: facebook in [/var/www/html/app/views/layouts/default.ctp, line 2]
2012-02-14 12:38:00 Notice: Notice (8): Undefined variable: facebook in [/var/www/html/app/views/layouts/default.ctp, line 2]
2012-02-14 12:38:00 Notice: Notice (8): Undefined variable: facebook in [/var/www/html/app/views/layouts/default.ctp, line 2]
2012-02-14 12:38:01 Notice: Notice (8): Undefined variable: facebook in [/var/www/html/app/views/layouts/default.ctp, line 2]
2012-02-14 12:38:07 Notice: Notice (8): Undefined variable: facebook in [/var/www/html/app/views/layouts/default.ctp, line 2]
2012-02-14 12:38:07 Notice: Notice (8): Undefined variable: facebook in [/var/www/html/app/views/layouts/default.ctp, line 2]
2012-02-14 12:38:07 Notice: Notice (8): Undefined variable: facebook in [/var/www/html/app/views/layouts/default.ctp, line 2]
2012-02-14 12:38:08 Notice: Notice (8): Undefined variable: facebook in [/var/www/html/app/views/layouts/default.ctp, line 2]
2012-02-14 12:40:03 Notice: Notice (8): Undefined variable: facebook in [/var/www/html/app/views/layouts/default.ctp, line 2]
2012-02-14 12:40:03 Notice: Notice (8): Undefined variable: facebook in [/var/www/html/app/views/layouts/default.ctp, line 2]
2012-02-14 12:40:03 Notice: Notice (8): Undefined variable: facebook in [/var/www/html/app/views/layouts/default.ctp, line 2]
2012-02-14 12:57:19 Notice: Notice (8): Undefined variable: javascript in [/var/www/html/app/views/layouts/default.ctp, line 50]
2012-02-14 12:57:31 Notice: Notice (8): Undefined variable: javascript in [/var/www/html/app/views/layouts/default.ctp, line 50]
2012-02-14 12:58:07 Notice: Notice (8): Undefined variable: javascript in [/var/www/html/app/views/layouts/default.ctp, line 50]
2012-02-14 12:59:33 Notice: Notice (8): Undefined variable: javascript in [/var/www/html/app/views/layouts/default.ctp, line 50]
2012-02-14 13:04:29 Notice: Notice (8): Undefined variable: javascript in [/var/www/html/app/views/layouts/default.ctp, line 50]
2012-02-14 13:04:30 Notice: Notice (8): Undefined variable: javascript in [/var/www/html/app/views/layouts/default.ctp, line 50]
2012-02-14 13:04:43 Notice: Notice (8): Undefined variable: javascript in [/var/www/html/app/views/layouts/default.ctp, line 50]
2012-02-14 13:04:44 Notice: Notice (8): Undefined variable: javascript in [/var/www/html/app/views/layouts/default.ctp, line 50]
2012-02-14 13:05:17 Notice: Notice (8): Undefined variable: javascript in [/var/www/html/app/views/layouts/default.ctp, line 50]
2012-02-14 13:05:18 Notice: Notice (8): Undefined variable: javascript in [/var/www/html/app/views/layouts/default.ctp, line 50]
2012-02-14 13:05:18 Notice: Notice (8): Undefined variable: javascript in [/var/www/html/app/views/layouts/default.ctp, line 50]
2012-02-14 13:05:27 Notice: Notice (8): Undefined variable: javascript in [/var/www/html/app/views/layouts/default.ctp, line 50]
2012-02-14 13:05:28 Notice: Notice (8): Undefined variable: javascript in [/var/www/html/app/views/layouts/default.ctp, line 50]
2012-02-14 20:24:57 Notice: Notice (8): Undefined variable: javascript in [/var/www/html/app/views/layouts/default.ctp, line 50]
2012-02-15 00:24:57 Notice: Notice (8): Undefined variable: javascript in [/var/www/html/app/views/layouts/default.ctp, line 50]
2012-02-15 00:24:58 Notice: Notice (8): Undefined variable: javascript in [/var/www/html/app/views/layouts/default.ctp, line 50]
2012-02-15 00:24:58 Notice: Notice (8): Undefined variable: javascript in [/var/www/html/app/views/layouts/default.ctp, line 50]
2012-02-15 00:24:58 Notice: Notice (8): Undefined variable: javascript in [/var/www/html/app/views/layouts/default.ctp, line 50]
2012-02-15 00:24:59 Notice: Notice (8): Undefined variable: javascript in [/var/www/html/app/views/layouts/default.ctp, line 50]
2012-02-15 00:24:59 Notice: Notice (8): Undefined variable: javascript in [/var/www/html/app/views/layouts/default.ctp, line 50]
2012-02-15 06:56:47 Notice: Notice (8): Undefined variable: javascript in [/var/www/html/app/views/layouts/default.ctp, line 50]
2012-02-15 06:56:48 Notice: Notice (8): Undefined variable: javascript in [/var/www/html/app/views/layouts/default.ctp, line 50]
2012-02-15 06:56:49 Notice: Notice (8): Undefined variable: javascript in [/var/www/html/app/views/layouts/default.ctp, line 50]
2012-02-15 06:56:50 Notice: Notice (8): Undefined variable: javascript in [/var/www/html/app/views/layouts/default.ctp, line 50]
2012-02-15 06:56:51 Notice: Notice (8): Undefined variable: javascript in [/var/www/html/app/views/layouts/default.ctp, line 50]
2012-02-15 06:56:51 Notice: Notice (8): Undefined variable: javascript in [/var/www/html/app/views/layouts/default.ctp, line 50]
2012-02-15 09:04:12 Notice: Notice (8): Undefined variable: javascript in [/var/www/html/app/views/layouts/default.ctp, line 50]
2012-02-15 09:31:03 Notice: Notice (8): Undefined variable: javascript in [/var/www/html/app/views/layouts/default.ctp, line 50]
2012-02-15 09:31:04 Notice: Notice (8): Undefined variable: javascript in [/var/www/html/app/views/layouts/default.ctp, line 50]
2012-02-15 09:31:08 Notice: Notice (8): Undefined variable: javascript in [/var/www/html/app/views/layouts/default.ctp, line 50]
2012-02-15 09:31:09 Notice: Notice (8): Undefined variable: javascript in [/var/www/html/app/views/layouts/default.ctp, line 50]
2012-02-15 09:59:09 Notice: Notice (8): Undefined variable: javascript in [/var/www/html/app/views/layouts/default.ctp, line 50]
2012-02-15 09:59:09 Notice: Notice (8): Undefined variable: javascript in [/var/www/html/app/views/layouts/default.ctp, line 50]
2012-02-15 10:00:19 Notice: Notice (8): Undefined variable: javascript in [/var/www/html/app/views/layouts/default.ctp, line 50]
2012-02-15 10:00:19 Notice: Notice (8): Undefined variable: javascript in [/var/www/html/app/views/layouts/default.ctp, line 50]
2012-02-15 10:00:20 Notice: Notice (8): Undefined variable: javascript in [/var/www/html/app/views/layouts/default.ctp, line 50]
2012-02-15 10:00:40 Notice: Notice (8): Undefined variable: javascript in [/var/www/html/app/views/layouts/default.ctp, line 50]
2012-02-15 10:00:40 Notice: Notice (8): Undefined variable: javascript in [/var/www/html/app/views/layouts/default.ctp, line 50]
2012-02-15 10:20:40 Notice: Notice (8): Undefined variable: javascript in [/var/www/html/app/views/layouts/default.ctp, line 50]
2012-02-15 10:20:41 Notice: Notice (8): Undefined variable: javascript in [/var/www/html/app/views/layouts/default.ctp, line 50]
2012-02-15 10:40:41 Notice: Notice (8): Undefined variable: javascript in [/var/www/html/app/views/layouts/default.ctp, line 50]
2012-02-15 10:40:42 Notice: Notice (8): Undefined variable: javascript in [/var/www/html/app/views/layouts/default.ctp, line 50]
2012-02-15 11:00:42 Notice: Notice (8): Undefined variable: javascript in [/var/www/html/app/views/layouts/default.ctp, line 50]
2012-02-15 11:00:44 Notice: Notice (8): Undefined variable: javascript in [/var/www/html/app/views/layouts/default.ctp, line 50]
2012-02-15 11:06:19 Notice: Notice (8): Undefined variable: javascript in [/var/www/html/app/views/layouts/default.ctp, line 50]
2012-02-15 11:06:19 Notice: Notice (8): Undefined variable: javascript in [/var/www/html/app/views/layouts/default.ctp, line 50]
2012-02-15 11:06:31 Notice: Notice (8): Undefined variable: javascript in [/var/www/html/app/views/layouts/default.ctp, line 50]
2012-02-15 11:06:32 Notice: Notice (8): Undefined variable: javascript in [/var/www/html/app/views/layouts/default.ctp, line 50]
2012-02-15 11:06:39 Notice: Notice (8): Undefined variable: javascript in [/var/www/html/app/views/layouts/default.ctp, line 50]
2012-02-15 11:06:40 Notice: Notice (8): Undefined variable: javascript in [/var/www/html/app/views/layouts/default.ctp, line 50]
2012-02-15 11:07:55 Notice: Notice (8): Undefined variable: javascript in [/var/www/html/app/views/layouts/default.ctp, line 50]
2012-02-15 11:07:55 Notice: Notice (8): Undefined variable: javascript in [/var/www/html/app/views/layouts/default.ctp, line 50]
2012-02-15 11:08:04 Notice: Notice (8): Undefined variable: javascript in [/var/www/html/app/views/layouts/default.ctp, line 50]
2012-02-15 11:08:05 Notice: Notice (8): Undefined variable: javascript in [/var/www/html/app/views/layouts/default.ctp, line 50]
2012-02-15 11:08:18 Notice: Notice (8): Undefined variable: javascript in [/var/www/html/app/views/layouts/default.ctp, line 50]
2012-02-15 11:08:18 Notice: Notice (8): Undefined variable: javascript in [/var/www/html/app/views/layouts/default.ctp, line 50]
2012-02-15 11:08:46 Notice: Notice (8): Undefined variable: javascript in [/var/www/html/app/views/layouts/default.ctp, line 50]
2012-02-15 11:08:46 Notice: Notice (8): Undefined variable: javascript in [/var/www/html/app/views/layouts/default.ctp, line 50]
2012-02-15 11:08:54 Notice: Notice (8): Undefined variable: javascript in [/var/www/html/app/views/layouts/default.ctp, line 50]
2012-02-15 11:08:54 Notice: Notice (8): Undefined variable: javascript in [/var/www/html/app/views/layouts/default.ctp, line 50]
2012-02-15 11:09:09 Notice: Notice (8): Undefined variable: javascript in [/var/www/html/app/views/layouts/default.ctp, line 50]
2012-02-15 11:09:09 Notice: Notice (8): Undefined variable: javascript in [/var/www/html/app/views/layouts/default.ctp, line 50]
2012-02-15 11:12:39 Notice: Notice (8): Undefined variable: javascript in [/var/www/html/app/views/layouts/default.ctp, line 50]
2012-02-15 11:12:39 Notice: Notice (8): Undefined variable: javascript in [/var/www/html/app/views/layouts/default.ctp, line 50]
2012-02-15 11:12:43 Notice: Notice (8): Undefined variable: javascript in [/var/www/html/app/views/layouts/default.ctp, line 50]
2012-02-15 11:12:43 Notice: Notice (8): Undefined variable: javascript in [/var/www/html/app/views/layouts/default.ctp, line 50]
2012-02-15 11:14:08 Notice: Notice (8): Undefined variable: javascript in [/var/www/html/app/views/layouts/default.ctp, line 50]
2012-02-15 11:14:09 Notice: Notice (8): Undefined variable: javascript in [/var/www/html/app/views/layouts/default.ctp, line 50]
2012-02-15 11:15:22 Notice: Notice (8): Undefined variable: javascript in [/var/www/html/app/views/layouts/default.ctp, line 50]
2012-02-15 11:15:23 Notice: Notice (8): Undefined variable: javascript in [/var/www/html/app/views/layouts/default.ctp, line 50]
2012-02-15 11:16:28 Notice: Notice (8): Undefined variable: javascript in [/var/www/html/app/views/layouts/default.ctp, line 50]
2012-02-15 11:16:33 Notice: Notice (8): Undefined variable: javascript in [/var/www/html/app/views/layouts/default.ctp, line 50]
2012-02-15 11:16:34 Notice: Notice (8): Undefined variable: javascript in [/var/www/html/app/views/layouts/default.ctp, line 50]
2012-02-15 11:16:44 Notice: Notice (8): Undefined variable: javascript in [/var/www/html/app/views/layouts/default.ctp, line 50]
2012-02-15 11:16:48 Notice: Notice (8): Undefined variable: javascript in [/var/www/html/app/views/layouts/default.ctp, line 50]
2012-02-15 11:16:48 Notice: Notice (8): Undefined variable: javascript in [/var/www/html/app/views/layouts/default.ctp, line 50]
2012-02-15 11:16:56 Notice: Notice (8): Undefined variable: javascript in [/var/www/html/app/views/layouts/default.ctp, line 50]
2012-02-15 11:17:01 Notice: Notice (8): Undefined variable: javascript in [/var/www/html/app/views/layouts/default.ctp, line 50]
2012-02-15 11:17:08 Notice: Notice (8): Undefined variable: javascript in [/var/www/html/app/views/layouts/default.ctp, line 50]
2012-02-15 11:17:09 Notice: Notice (8): Undefined variable: javascript in [/var/www/html/app/views/layouts/default.ctp, line 50]
2012-02-15 11:17:58 Notice: Notice (8): Undefined variable: javascript in [/var/www/html/app/views/layouts/default.ctp, line 50]
2012-02-15 11:22:09 Notice: Notice (8): Undefined variable: javascript in [/var/www/html/app/views/layouts/default.ctp, line 50]
2012-02-15 11:22:12 Notice: Notice (8): Undefined variable: javascript in [/var/www/html/app/views/layouts/default.ctp, line 50]
2012-02-15 11:23:54 Notice: Notice (8): Undefined variable: javascript in [/var/www/html/app/views/layouts/default.ctp, line 50]
2012-02-15 11:23:54 Notice: Notice (8): Undefined variable: javascript in [/var/www/html/app/views/layouts/default.ctp, line 50]
2012-02-15 11:24:11 Notice: Notice (8): Undefined variable: javascript in [/var/www/html/app/views/layouts/default.ctp, line 50]
2012-02-15 11:24:11 Notice: Notice (8): Undefined variable: javascript in [/var/www/html/app/views/layouts/default.ctp, line 50]
2012-02-15 11:24:16 Notice: Notice (8): Undefined variable: javascript in [/var/www/html/app/views/layouts/default.ctp, line 50]
2012-02-15 11:24:19 Notice: Notice (8): Undefined variable: javascript in [/var/www/html/app/views/layouts/default.ctp, line 50]
2012-02-15 11:29:45 Notice: Notice (8): Undefined variable: javascript in [/var/www/html/app/views/layouts/default.ctp, line 50]
2012-02-15 11:29:49 Notice: Notice (8): Undefined variable: javascript in [/var/www/html/app/views/layouts/default.ctp, line 50]
2012-02-15 11:32:43 Notice: Notice (8): Undefined variable: javascript in [/var/www/html/app/views/layouts/default.ctp, line 50]
2012-02-15 11:32:43 Notice: Notice (8): Undefined variable: javascript in [/var/www/html/app/views/layouts/default.ctp, line 50]
2012-02-15 11:32:48 Notice: Notice (8): Undefined variable: javascript in [/var/www/html/app/views/layouts/default.ctp, line 50]
2012-02-15 11:32:49 Notice: Notice (8): Undefined variable: javascript in [/var/www/html/app/views/layouts/default.ctp, line 50]
2012-02-15 11:32:54 Notice: Notice (8): Undefined variable: javascript in [/var/www/html/app/views/layouts/default.ctp, line 50]
2012-02-15 11:32:55 Notice: Notice (8): Undefined variable: javascript in [/var/www/html/app/views/layouts/default.ctp, line 50]
2012-02-15 11:33:05 Notice: Notice (8): Undefined variable: javascript in [/var/www/html/app/views/layouts/default.ctp, line 50]
2012-02-15 11:33:20 Notice: Notice (8): Undefined variable: javascript in [/var/www/html/app/views/layouts/default.ctp, line 50]
2012-02-15 11:33:21 Notice: Notice (8): Undefined variable: javascript in [/var/www/html/app/views/layouts/default.ctp, line 50]
2012-02-15 11:41:22 Notice: Notice (8): Undefined variable: javascript in [/var/www/html/app/views/layouts/default.ctp, line 50]
2012-02-15 11:41:23 Notice: Notice (8): Undefined variable: javascript in [/var/www/html/app/views/layouts/default.ctp, line 50]
2012-02-15 11:44:11 Notice: Notice (8): Undefined variable: javascript in [/var/www/html/app/views/layouts/default.ctp, line 50]
2012-02-15 11:44:12 Notice: Notice (8): Undefined variable: javascript in [/var/www/html/app/views/layouts/default.ctp, line 50]
2012-02-15 11:44:17 Notice: Notice (8): Undefined variable: javascript in [/var/www/html/app/views/layouts/default.ctp, line 50]
2012-02-15 11:44:22 Notice: Notice (8): Undefined variable: javascript in [/var/www/html/app/views/layouts/default.ctp, line 50]
2012-02-15 11:48:30 Notice: Notice (8): Undefined variable: javascript in [/var/www/html/app/views/layouts/default.ctp, line 50]
2012-02-15 11:48:31 Notice: Notice (8): Undefined variable: javascript in [/var/www/html/app/views/layouts/default.ctp, line 50]
2012-02-15 11:50:17 Notice: Notice (8): Undefined variable: javascript in [/var/www/html/app/views/layouts/default.ctp, line 50]
2012-02-15 11:50:17 Notice: Notice (8): Undefined variable: javascript in [/var/www/html/app/views/layouts/default.ctp, line 50]
2012-02-15 11:50:57 Notice: Notice (8): Undefined variable: javascript in [/var/www/html/app/views/layouts/default.ctp, line 50]
2012-02-15 11:50:57 Notice: Notice (8): Undefined variable: javascript in [/var/www/html/app/views/layouts/default.ctp, line 50]
2012-02-15 11:51:07 Notice: Notice (8): Undefined variable: javascript in [/var/www/html/app/views/layouts/default.ctp, line 50]
2012-02-15 11:51:07 Notice: Notice (8): Undefined variable: javascript in [/var/www/html/app/views/layouts/default.ctp, line 50]
2012-02-15 11:51:50 Notice: Notice (8): Undefined variable: javascript in [/var/www/html/app/views/layouts/default.ctp, line 50]
2012-02-15 11:51:51 Notice: Notice (8): Undefined variable: javascript in [/var/www/html/app/views/layouts/default.ctp, line 50]
2012-02-15 11:51:58 Notice: Notice (8): Undefined variable: javascript in [/var/www/html/app/views/layouts/default.ctp, line 50]
2012-02-15 11:51:58 Notice: Notice (8): Undefined variable: javascript in [/var/www/html/app/views/layouts/default.ctp, line 50]
2012-02-15 11:52:00 Notice: Notice (8): Undefined variable: javascript in [/var/www/html/app/views/layouts/default.ctp, line 50]
2012-02-15 11:52:00 Notice: Notice (8): Undefined variable: javascript in [/var/www/html/app/views/layouts/default.ctp, line 50]
2012-02-15 11:52:04 Notice: Notice (8): Undefined variable: javascript in [/var/www/html/app/views/layouts/default.ctp, line 50]
2012-02-15 11:52:05 Notice: Notice (8): Undefined variable: javascript in [/var/www/html/app/views/layouts/default.ctp, line 50]
2012-02-15 11:52:06 Notice: Notice (8): Undefined variable: javascript in [/var/www/html/app/views/layouts/default.ctp, line 50]
2012-02-15 11:52:06 Notice: Notice (8): Undefined variable: javascript in [/var/www/html/app/views/layouts/default.ctp, line 50]
2012-02-15 11:52:10 Notice: Notice (8): Undefined variable: javascript in [/var/www/html/app/views/layouts/default.ctp, line 50]
2012-02-15 11:52:10 Notice: Notice (8): Undefined variable: javascript in [/var/www/html/app/views/layouts/default.ctp, line 50]
2012-02-15 11:52:12 Notice: Notice (8): Undefined variable: javascript in [/var/www/html/app/views/layouts/default.ctp, line 50]
2012-02-15 11:52:15 Notice: Notice (8): Undefined variable: javascript in [/var/www/html/app/views/layouts/default.ctp, line 50]
2012-02-15 11:52:15 Notice: Notice (8): Undefined variable: javascript in [/var/www/html/app/views/layouts/default.ctp, line 50]
2012-02-15 11:52:20 Notice: Notice (8): Undefined variable: javascript in [/var/www/html/app/views/layouts/default.ctp, line 50]
2012-02-15 11:52:23 Notice: Notice (8): Undefined variable: javascript in [/var/www/html/app/views/layouts/default.ctp, line 50]
2012-02-15 11:52:23 Notice: Notice (8): Undefined variable: javascript in [/var/www/html/app/views/layouts/default.ctp, line 50]
2012-02-15 11:52:32 Notice: Notice (8): Undefined variable: javascript in [/var/www/html/app/views/layouts/default.ctp, line 50]
2012-02-15 11:52:33 Notice: Notice (8): Undefined variable: javascript in [/var/www/html/app/views/layouts/default.ctp, line 50]
2012-02-15 11:52:41 Notice: Notice (8): Undefined variable: javascript in [/var/www/html/app/views/layouts/default.ctp, line 50]
2012-02-15 11:52:43 Notice: Notice (8): Undefined variable: javascript in [/var/www/html/app/views/layouts/default.ctp, line 50]
2012-02-15 11:52:50 Notice: Notice (8): Undefined variable: javascript in [/var/www/html/app/views/layouts/default.ctp, line 50]
2012-02-15 12:00:19 Notice: Notice (8): Undefined variable: javascript in [/var/www/html/app/views/layouts/default.ctp, line 50]
2012-02-15 12:00:20 Notice: Notice (8): Undefined variable: javascript in [/var/www/html/app/views/layouts/default.ctp, line 50]
2012-02-15 12:00:23 Notice: Notice (8): Undefined variable: javascript in [/var/www/html/app/views/layouts/default.ctp, line 50]
2012-02-15 12:00:26 Notice: Notice (8): Undefined variable: javascript in [/var/www/html/app/views/layouts/default.ctp, line 50]
2012-02-15 12:00:37 Notice: Notice (8): Undefined variable: javascript in [/var/www/html/app/views/layouts/default.ctp, line 50]
2012-02-15 12:00:38 Notice: Notice (8): Undefined variable: javascript in [/var/www/html/app/views/layouts/default.ctp, line 50]
2012-02-15 12:00:42 Notice: Notice (8): Undefined variable: javascript in [/var/www/html/app/views/layouts/default.ctp, line 50]
2012-02-15 12:00:52 Notice: Notice (8): Undefined variable: javascript in [/var/www/html/app/views/layouts/default.ctp, line 50]
2012-02-15 12:00:52 Notice: Notice (8): Undefined variable: javascript in [/var/www/html/app/views/layouts/default.ctp, line 50]
2012-02-15 12:04:10 Notice: Notice (8): Undefined variable: javascript in [/var/www/html/app/views/layouts/default.ctp, line 50]
2012-02-15 12:04:15 Notice: Notice (8): Undefined variable: javascript in [/var/www/html/app/views/layouts/default.ctp, line 50]
2012-02-15 12:04:15 Notice: Notice (8): Undefined variable: javascript in [/var/www/html/app/views/layouts/default.ctp, line 50]
2012-02-15 12:09:00 Notice: Notice (8): Undefined variable: javascript in [/var/www/html/app/views/layouts/default.ctp, line 50]
2012-02-15 12:09:24 Notice: Notice (8): Undefined variable: javascript in [/var/www/html/app/views/layouts/default.ctp, line 50]
2012-02-15 12:09:24 Notice: Notice (8): Undefined variable: javascript in [/var/www/html/app/views/layouts/default.ctp, line 50]
2012-02-15 12:10:00 Notice: Notice (8): Undefined variable: javascript in [/var/www/html/app/views/layouts/default.ctp, line 50]
2012-02-15 12:10:00 Notice: Notice (8): Undefined variable: javascript in [/var/www/html/app/views/layouts/default.ctp, line 50]
2012-02-15 12:11:55 Notice: Notice (8): Undefined variable: javascript in [/var/www/html/app/views/layouts/default.ctp, line 50]
2012-02-15 12:11:55 Notice: Notice (8): Undefined variable: javascript in [/var/www/html/app/views/layouts/default.ctp, line 50]
2012-02-15 12:14:57 Notice: Notice (8): Undefined variable: javascript in [/var/www/html/app/views/layouts/default.ctp, line 50]
2012-02-15 12:14:59 Notice: Notice (8): Undefined variable: javascript in [/var/www/html/app/views/layouts/default.ctp, line 50]
2012-02-15 12:15:21 Notice: Notice (8): Undefined variable: javascript in [/var/www/html/app/views/layouts/default.ctp, line 50]
2012-02-15 12:15:22 Notice: Notice (8): Undefined variable: javascript in [/var/www/html/app/views/layouts/default.ctp, line 50]
2012-02-15 12:16:13 Notice: Notice (8): Undefined variable: javascript in [/var/www/html/app/views/layouts/default.ctp, line 50]
2012-02-15 12:16:14 Notice: Notice (8): Undefined variable: javascript in [/var/www/html/app/views/layouts/default.ctp, line 50]
2012-02-15 12:20:05 Notice: Notice (8): Undefined variable: javascript in [/var/www/html/app/views/layouts/default.ctp, line 50]
2012-02-15 12:20:11 Notice: Notice (8): Undefined variable: javascript in [/var/www/html/app/views/layouts/default.ctp, line 50]
2012-02-15 12:20:11 Notice: Notice (8): Undefined variable: javascript in [/var/www/html/app/views/layouts/default.ctp, line 50]
2012-02-15 12:20:34 Notice: Notice (8): Undefined variable: javascript in [/var/www/html/app/views/layouts/default.ctp, line 50]
2012-02-15 12:20:35 Notice: Notice (8): Undefined variable: javascript in [/var/www/html/app/views/layouts/default.ctp, line 50]
2012-02-15 12:20:42 Notice: Notice (8): Undefined variable: javascript in [/var/www/html/app/views/layouts/default.ctp, line 50]
2012-02-15 12:20:43 Notice: Notice (8): Undefined variable: javascript in [/var/www/html/app/views/layouts/default.ctp, line 50]
2012-02-15 12:21:14 Notice: Notice (8): Undefined variable: javascript in [/var/www/html/app/views/layouts/default.ctp, line 50]
2012-02-15 12:21:21 Notice: Notice (8): Undefined variable: javascript in [/var/www/html/app/views/layouts/default.ctp, line 50]
2012-02-15 12:21:21 Notice: Notice (8): Undefined variable: javascript in [/var/www/html/app/views/layouts/default.ctp, line 50]
2012-02-15 12:21:29 Notice: Notice (8): Undefined variable: javascript in [/var/www/html/app/views/layouts/default.ctp, line 50]
2012-02-15 12:21:30 Notice: Notice (8): Undefined variable: javascript in [/var/www/html/app/views/layouts/default.ctp, line 50]
2012-02-15 12:21:40 Notice: Notice (8): Undefined variable: javascript in [/var/www/html/app/views/layouts/default.ctp, line 50]
2012-02-15 12:21:41 Notice: Notice (8): Undefined variable: javascript in [/var/www/html/app/views/layouts/default.ctp, line 50]
2012-02-15 12:25:20 Notice: Notice (8): Undefined variable: javascript in [/var/www/html/app/views/layouts/default.ctp, line 50]
2012-02-15 12:25:21 Notice: Notice (8): Undefined variable: javascript in [/var/www/html/app/views/layouts/default.ctp, line 50]
2012-02-15 12:25:23 Notice: Notice (8): Undefined variable: javascript in [/var/www/html/app/views/layouts/default.ctp, line 50]
2012-02-15 12:25:23 Notice: Notice (8): Undefined variable: javascript in [/var/www/html/app/views/layouts/default.ctp, line 50]
2012-02-15 12:25:37 Notice: Notice (8): Undefined variable: javascript in [/var/www/html/app/views/layouts/default.ctp, line 50]
2012-02-15 12:25:37 Notice: Notice (8): Undefined variable: javascript in [/var/www/html/app/views/layouts/default.ctp, line 50]
2012-02-15 12:25:50 Notice: Notice (8): Undefined variable: javascript in [/var/www/html/app/views/layouts/default.ctp, line 50]
2012-02-15 12:25:50 Notice: Notice (8): Undefined variable: javascript in [/var/www/html/app/views/layouts/default.ctp, line 50]
2012-02-15 12:30:35 Notice: Notice (8): Undefined variable: javascript in [/var/www/html/app/views/layouts/default.ctp, line 50]
2012-02-15 12:30:36 Notice: Notice (8): Undefined variable: javascript in [/var/www/html/app/views/layouts/default.ctp, line 50]
2012-02-15 12:30:55 Notice: Notice (8): Undefined variable: javascript in [/var/www/html/app/views/layouts/default.ctp, line 50]
2012-02-15 12:30:55 Notice: Notice (8): Undefined variable: javascript in [/var/www/html/app/views/layouts/default.ctp, line 50]
2012-02-15 12:35:51 Notice: Notice (8): Undefined variable: javascript in [/var/www/html/app/views/layouts/default.ctp, line 50]
2012-02-15 12:35:52 Notice: Notice (8): Undefined variable: javascript in [/var/www/html/app/views/layouts/default.ctp, line 50]
2012-02-15 12:37:22 Notice: Notice (8): Undefined variable: javascript in [/var/www/html/app/views/layouts/default.ctp, line 50]
2012-02-15 12:37:22 Notice: Notice (8): Undefined variable: javascript in [/var/www/html/app/views/layouts/default.ctp, line 50]
2012-02-15 12:37:31 Notice: Notice (8): Undefined variable: javascript in [/var/www/html/app/views/layouts/default.ctp, line 50]
2012-02-15 12:37:31 Notice: Notice (8): Undefined variable: javascript in [/var/www/html/app/views/layouts/default.ctp, line 50]
2012-02-15 12:37:43 Notice: Notice (8): Undefined variable: javascript in [/var/www/html/app/views/layouts/default.ctp, line 50]
2012-02-15 12:37:43 Notice: Notice (8): Undefined variable: javascript in [/var/www/html/app/views/layouts/default.ctp, line 50]
2012-02-15 12:41:25 Notice: Notice (8): Undefined variable: javascript in [/var/www/html/app/views/layouts/default.ctp, line 50]
2012-02-15 12:41:25 Notice: Notice (8): Undefined variable: javascript in [/var/www/html/app/views/layouts/default.ctp, line 50]
2012-02-15 12:41:30 Notice: Notice (8): Undefined variable: javascript in [/var/www/html/app/views/layouts/default.ctp, line 50]
2012-02-15 12:41:30 Notice: Notice (8): Undefined variable: javascript in [/var/www/html/app/views/layouts/default.ctp, line 50]
2012-02-15 12:41:45 Notice: Notice (8): Undefined variable: javascript in [/var/www/html/app/views/layouts/default.ctp, line 50]
2012-02-15 12:43:10 Notice: Notice (8): Undefined variable: javascript in [/var/www/html/app/views/layouts/default.ctp, line 50]
2012-02-15 12:43:10 Notice: Notice (8): Undefined variable: javascript in [/var/www/html/app/views/layouts/default.ctp, line 50]
2012-02-15 12:48:51 Notice: Notice (8): Undefined variable: javascript in [/var/www/html/app/views/layouts/default.ctp, line 50]
2012-02-15 12:48:52 Notice: Notice (8): Undefined variable: javascript in [/var/www/html/app/views/layouts/default.ctp, line 50]
2012-02-15 12:53:18 Notice: Notice (8): Undefined variable: javascript in [/var/www/html/app/views/layouts/default.ctp, line 50]
2012-02-15 12:53:18 Notice: Notice (8): Undefined variable: javascript in [/var/www/html/app/views/layouts/default.ctp, line 50]
2012-02-15 12:53:22 Notice: Notice (8): Undefined variable: javascript in [/var/www/html/app/views/layouts/default.ctp, line 50]
2012-02-15 12:53:22 Notice: Notice (8): Undefined variable: javascript in [/var/www/html/app/views/layouts/default.ctp, line 50]
2012-02-15 12:53:30 Notice: Notice (8): Undefined variable: javascript in [/var/www/html/app/views/layouts/default.ctp, line 50]
2012-02-15 12:53:30 Notice: Notice (8): Undefined variable: javascript in [/var/www/html/app/views/layouts/default.ctp, line 50]
2012-02-15 12:53:36 Notice: Notice (8): Undefined variable: javascript in [/var/www/html/app/views/layouts/default.ctp, line 50]
2012-02-15 12:53:36 Notice: Notice (8): Undefined variable: javascript in [/var/www/html/app/views/layouts/default.ctp, line 50]
2012-02-15 12:53:41 Notice: Notice (8): Undefined variable: javascript in [/var/www/html/app/views/layouts/default.ctp, line 50]
2012-02-15 12:53:42 Notice: Notice (8): Undefined variable: javascript in [/var/www/html/app/views/layouts/default.ctp, line 50]
2012-02-15 12:53:48 Notice: Notice (8): Undefined variable: javascript in [/var/www/html/app/views/layouts/default.ctp, line 50]
2012-02-15 12:53:49 Notice: Notice (8): Undefined variable: javascript in [/var/www/html/app/views/layouts/default.ctp, line 50]
2012-02-15 12:53:52 Notice: Notice (8): Undefined variable: javascript in [/var/www/html/app/views/layouts/default.ctp, line 50]
2012-02-15 12:53:52 Notice: Notice (8): Undefined variable: javascript in [/var/www/html/app/views/layouts/default.ctp, line 50]
2012-02-15 12:54:53 Notice: Notice (8): Undefined variable: javascript in [/var/www/html/app/views/layouts/default.ctp, line 50]
2012-02-15 12:54:53 Notice: Notice (8): Undefined variable: javascript in [/var/www/html/app/views/layouts/default.ctp, line 50]
2012-02-15 12:54:59 Notice: Notice (8): Undefined variable: javascript in [/var/www/html/app/views/layouts/default.ctp, line 50]
2012-02-15 12:54:59 Notice: Notice (8): Undefined variable: javascript in [/var/www/html/app/views/layouts/default.ctp, line 50]
2012-02-15 12:56:16 Notice: Notice (8): Undefined variable: javascript in [/var/www/html/app/views/layouts/default.ctp, line 50]
2012-02-15 12:56:19 Notice: Notice (8): Undefined variable: javascript in [/var/www/html/app/views/layouts/default.ctp, line 50]
2012-02-15 12:56:37 Notice: Notice (8): Undefined variable: javascript in [/var/www/html/app/views/layouts/default.ctp, line 50]
2012-02-15 12:56:37 Notice: Notice (8): Undefined variable: javascript in [/var/www/html/app/views/layouts/default.ctp, line 50]
2012-02-15 12:57:00 Notice: Notice (8): Undefined variable: javascript in [/var/www/html/app/views/layouts/default.ctp, line 50]
2012-02-15 12:57:01 Notice: Notice (8): Undefined variable: javascript in [/var/www/html/app/views/layouts/default.ctp, line 50]
2012-02-15 12:57:03 Notice: Notice (8): Undefined variable: javascript in [/var/www/html/app/views/layouts/default.ctp, line 50]
2012-02-15 12:57:03 Notice: Notice (8): Undefined variable: javascript in [/var/www/html/app/views/layouts/default.ctp, line 50]
2012-02-15 12:57:25 Notice: Notice (8): Undefined variable: javascript in [/var/www/html/app/views/layouts/default.ctp, line 50]
2012-02-15 12:57:53 Notice: Notice (8): Undefined variable: javascript in [/var/www/html/app/views/layouts/default.ctp, line 50]
2012-02-15 12:57:53 Notice: Notice (8): Undefined variable: javascript in [/var/www/html/app/views/layouts/default.ctp, line 50]
2012-02-15 12:57:56 Notice: Notice (8): Undefined variable: javascript in [/var/www/html/app/views/layouts/default.ctp, line 50]
2012-02-15 12:57:57 Notice: Notice (8): Undefined variable: javascript in [/var/www/html/app/views/layouts/default.ctp, line 50]
2012-02-15 12:58:39 Notice: Notice (8): Undefined variable: javascript in [/var/www/html/app/views/layouts/default.ctp, line 50]
2012-02-15 12:58:39 Notice: Notice (8): Undefined variable: javascript in [/var/www/html/app/views/layouts/default.ctp, line 50]
2012-02-15 12:59:25 Notice: Notice (8): Undefined variable: javascript in [/var/www/html/app/views/layouts/default.ctp, line 50]
2012-02-15 12:59:25 Notice: Notice (8): Undefined variable: javascript in [/var/www/html/app/views/layouts/default.ctp, line 50]
2012-02-15 12:59:44 Notice: Notice (8): Undefined variable: javascript in [/var/www/html/app/views/layouts/default.ctp, line 50]
2012-02-15 12:59:44 Notice: Notice (8): Undefined variable: javascript in [/var/www/html/app/views/layouts/default.ctp, line 50]
2012-02-15 12:59:57 Notice: Notice (8): Undefined variable: javascript in [/var/www/html/app/views/layouts/default.ctp, line 50]
2012-02-15 12:59:57 Notice: Notice (8): Undefined variable: javascript in [/var/www/html/app/views/layouts/default.ctp, line 50]
2012-02-15 13:05:29 Notice: Notice (8): Undefined variable: javascript in [/var/www/html/app/views/layouts/default.ctp, line 50]
2012-02-15 13:05:29 Notice: Notice (8): Undefined variable: javascript in [/var/www/html/app/views/layouts/default.ctp, line 50]
2012-02-15 13:06:11 Notice: Notice (8): Undefined variable: javascript in [/var/www/html/app/views/layouts/default.ctp, line 50]
2012-02-15 13:06:11 Notice: Notice (8): Undefined variable: javascript in [/var/www/html/app/views/layouts/default.ctp, line 50]
2012-02-15 13:07:31 Notice: Notice (8): Undefined variable: javascript in [/var/www/html/app/views/layouts/default.ctp, line 50]
2012-02-15 13:07:31 Notice: Notice (8): Undefined variable: javascript in [/var/www/html/app/views/layouts/default.ctp, line 50]
2012-02-15 13:11:18 Notice: Notice (8): Undefined variable: javascript in [/var/www/html/app/views/layouts/default.ctp, line 50]
2012-02-15 13:11:19 Notice: Notice (8): Undefined variable: javascript in [/var/www/html/app/views/layouts/default.ctp, line 50]
2012-02-15 13:11:21 Notice: Notice (8): Undefined variable: javascript in [/var/www/html/app/views/layouts/default.ctp, line 50]
2012-02-15 13:11:34 Notice: Notice (8): Undefined variable: javascript in [/var/www/html/app/views/layouts/default.ctp, line 50]
2012-02-15 13:11:34 Notice: Notice (8): Undefined variable: javascript in [/var/www/html/app/views/layouts/default.ctp, line 50]
2012-02-15 13:11:38 Notice: Notice (8): Undefined variable: javascript in [/var/www/html/app/views/layouts/default.ctp, line 50]
2012-02-15 13:11:38 Notice: Notice (8): Undefined variable: javascript in [/var/www/html/app/views/layouts/default.ctp, line 50]
2012-02-15 13:11:40 Notice: Notice (8): Undefined variable: javascript in [/var/www/html/app/views/layouts/default.ctp, line 50]
2012-02-15 13:11:44 Notice: Notice (8): Undefined variable: javascript in [/var/www/html/app/views/layouts/default.ctp, line 50]
2012-02-15 13:11:44 Notice: Notice (8): Undefined variable: javascript in [/var/www/html/app/views/layouts/default.ctp, line 50]
2012-02-15 13:11:46 Notice: Notice (8): Undefined variable: javascript in [/var/www/html/app/views/layouts/default.ctp, line 50]
2012-02-15 13:11:49 Notice: Notice (8): Undefined variable: javascript in [/var/www/html/app/views/layouts/default.ctp, line 50]
2012-02-15 13:11:50 Notice: Notice (8): Undefined variable: javascript in [/var/www/html/app/views/layouts/default.ctp, line 50]
2012-02-15 13:11:53 Notice: Notice (8): Undefined variable: javascript in [/var/www/html/app/views/layouts/default.ctp, line 50]
2012-02-15 13:11:53 Notice: Notice (8): Undefined variable: javascript in [/var/www/html/app/views/layouts/default.ctp, line 50]
2012-02-15 13:11:54 Notice: Notice (8): Undefined variable: javascript in [/var/www/html/app/views/layouts/default.ctp, line 50]
2012-02-15 13:11:55 Notice: Notice (8): Undefined variable: javascript in [/var/www/html/app/views/layouts/default.ctp, line 50]
2012-02-15 13:12:02 Notice: Notice (8): Undefined variable: javascript in [/var/www/html/app/views/layouts/default.ctp, line 50]
2012-02-15 13:12:02 Notice: Notice (8): Undefined variable: javascript in [/var/www/html/app/views/layouts/default.ctp, line 50]
2012-02-15 13:12:04 Notice: Notice (8): Undefined variable: javascript in [/var/www/html/app/views/layouts/default.ctp, line 50]
2012-02-15 13:12:04 Notice: Notice (8): Undefined variable: javascript in [/var/www/html/app/views/layouts/default.ctp, line 50]
2012-02-15 13:12:11 Notice: Notice (8): Undefined variable: javascript in [/var/www/html/app/views/layouts/default.ctp, line 50]
2012-02-15 13:12:11 Notice: Notice (8): Undefined variable: javascript in [/var/www/html/app/views/layouts/default.ctp, line 50]
2012-02-15 13:12:12 Notice: Notice (8): Undefined variable: javascript in [/var/www/html/app/views/layouts/default.ctp, line 50]
2012-02-15 13:12:12 Notice: Notice (8): Undefined variable: javascript in [/var/www/html/app/views/layouts/default.ctp, line 50]
2012-02-15 13:12:21 Notice: Notice (8): Undefined variable: javascript in [/var/www/html/app/views/layouts/default.ctp, line 50]
2012-02-15 13:18:54 Notice: Notice (8): Undefined variable: javascript in [/var/www/html/app/views/layouts/default.ctp, line 50]
2012-02-15 13:18:55 Notice: Notice (8): Undefined variable: javascript in [/var/www/html/app/views/layouts/default.ctp, line 50]
2012-02-15 13:18:58 Notice: Notice (8): Undefined variable: javascript in [/var/www/html/app/views/layouts/default.ctp, line 50]
2012-02-15 13:18:58 Notice: Notice (8): Undefined variable: javascript in [/var/www/html/app/views/layouts/default.ctp, line 50]
2012-02-15 13:19:03 Notice: Notice (8): Undefined variable: javascript in [/var/www/html/app/views/layouts/default.ctp, line 50]
2012-02-15 13:19:08 Notice: Notice (8): Undefined variable: javascript in [/var/www/html/app/views/layouts/default.ctp, line 50]
2012-02-15 13:19:08 Notice: Notice (8): Undefined variable: javascript in [/var/www/html/app/views/layouts/default.ctp, line 50]
2012-02-15 13:19:52 Notice: Notice (8): Undefined variable: javascript in [/var/www/html/app/views/layouts/default.ctp, line 50]
2012-02-15 13:19:52 Notice: Notice (8): Undefined variable: javascript in [/var/www/html/app/views/layouts/default.ctp, line 50]
2012-02-15 13:19:59 Notice: Notice (8): Undefined variable: javascript in [/var/www/html/app/views/layouts/default.ctp, line 50]
2012-02-15 13:19:59 Notice: Notice (8): Undefined variable: javascript in [/var/www/html/app/views/layouts/default.ctp, line 50]
2012-02-15 13:20:04 Notice: Notice (8): Undefined variable: javascript in [/var/www/html/app/views/layouts/default.ctp, line 50]
2012-02-15 13:20:04 Notice: Notice (8): Undefined variable: javascript in [/var/www/html/app/views/layouts/default.ctp, line 50]
2012-02-15 13:20:09 Notice: Notice (8): Undefined variable: javascript in [/var/www/html/app/views/layouts/default.ctp, line 50]
2012-02-15 13:20:09 Notice: Notice (8): Undefined variable: javascript in [/var/www/html/app/views/layouts/default.ctp, line 50]
2012-02-15 13:20:34 Notice: Notice (8): Undefined variable: javascript in [/var/www/html/app/views/layouts/default.ctp, line 50]
2012-02-15 13:20:40 Notice: Notice (8): Undefined variable: javascript in [/var/www/html/app/views/layouts/default.ctp, line 50]
2012-02-15 13:20:44 Notice: Notice (8): Undefined variable: javascript in [/var/www/html/app/views/layouts/default.ctp, line 50]
2012-02-15 13:20:45 Notice: Notice (8): Undefined variable: javascript in [/var/www/html/app/views/layouts/default.ctp, line 50]
2012-02-15 13:20:52 Notice: Notice (8): Undefined variable: javascript in [/var/www/html/app/views/layouts/default.ctp, line 50]
2012-02-15 13:20:54 Notice: Notice (8): Undefined variable: javascript in [/var/www/html/app/views/layouts/default.ctp, line 50]
2012-02-15 13:20:56 Notice: Notice (8): Undefined variable: javascript in [/var/www/html/app/views/layouts/default.ctp, line 50]
2012-02-15 13:20:56 Notice: Notice (8): Undefined variable: javascript in [/var/www/html/app/views/layouts/default.ctp, line 50]
2012-02-15 13:24:49 Notice: Notice (8): Undefined variable: javascript in [/var/www/html/app/views/layouts/default.ctp, line 50]
2012-02-15 13:24:49 Notice: Notice (8): Undefined variable: javascript in [/var/www/html/app/views/layouts/default.ctp, line 50]
2012-02-15 13:24:52 Notice: Notice (8): Undefined variable: javascript in [/var/www/html/app/views/layouts/default.ctp, line 50]
2012-02-15 13:24:52 Notice: Notice (8): Undefined variable: javascript in [/var/www/html/app/views/layouts/default.ctp, line 50]
2012-02-15 13:26:51 Notice: Notice (8): Undefined variable: javascript in [/var/www/html/app/views/layouts/default.ctp, line 50]
2012-02-15 13:26:51 Notice: Notice (8): Undefined variable: javascript in [/var/www/html/app/views/layouts/default.ctp, line 50]
2012-02-15 13:28:32 Notice: Notice (8): Undefined variable: javascript in [/var/www/html/app/views/layouts/default.ctp, line 50]
2012-02-15 13:28:32 Notice: Notice (8): Undefined variable: javascript in [/var/www/html/app/views/layouts/default.ctp, line 50]
2012-02-15 13:29:10 Notice: Notice (8): Undefined variable: javascript in [/var/www/html/app/views/layouts/default.ctp, line 50]
2012-02-15 13:29:10 Notice: Notice (8): Undefined variable: javascript in [/var/www/html/app/views/layouts/default.ctp, line 50]
2012-02-15 13:29:18 Notice: Notice (8): Undefined variable: javascript in [/var/www/html/app/views/layouts/default.ctp, line 50]
2012-02-15 13:29:18 Notice: Notice (8): Undefined variable: javascript in [/var/www/html/app/views/layouts/default.ctp, line 50]
2012-02-15 13:29:24 Notice: Notice (8): Undefined variable: javascript in [/var/www/html/app/views/layouts/default.ctp, line 50]
2012-02-15 13:29:25 Notice: Notice (8): Undefined variable: javascript in [/var/www/html/app/views/layouts/default.ctp, line 50]
2012-02-15 13:30:32 Notice: Notice (8): Undefined variable: javascript in [/var/www/html/app/views/layouts/default.ctp, line 50]
2012-02-15 13:30:32 Notice: Notice (8): Undefined variable: javascript in [/var/www/html/app/views/layouts/default.ctp, line 50]
2012-02-15 13:30:44 Notice: Notice (8): Undefined variable: javascript in [/var/www/html/app/views/layouts/default.ctp, line 50]
2012-02-15 13:30:44 Notice: Notice (8): Undefined variable: javascript in [/var/www/html/app/views/layouts/default.ctp, line 50]
2012-02-15 13:30:48 Notice: Notice (8): Undefined variable: javascript in [/var/www/html/app/views/layouts/default.ctp, line 50]
2012-02-15 13:30:48 Notice: Notice (8): Undefined variable: javascript in [/var/www/html/app/views/layouts/default.ctp, line 50]
2012-02-15 13:30:58 Notice: Notice (8): Undefined variable: javascript in [/var/www/html/app/views/layouts/default.ctp, line 50]
2012-02-15 13:37:48 Notice: Notice (8): Undefined variable: javascript in [/var/www/html/app/views/layouts/default.ctp, line 50]
2012-02-15 13:37:49 Notice: Notice (8): Undefined variable: javascript in [/var/www/html/app/views/layouts/default.ctp, line 50]
2012-02-15 13:37:50 Notice: Notice (8): Undefined variable: javascript in [/var/www/html/app/views/layouts/default.ctp, line 50]
2012-02-15 13:37:50 Notice: Notice (8): Undefined variable: javascript in [/var/www/html/app/views/layouts/default.ctp, line 50]
2012-02-15 13:37:54 Notice: Notice (8): Undefined variable: javascript in [/var/www/html/app/views/layouts/default.ctp, line 50]
2012-02-15 13:37:54 Notice: Notice (8): Undefined variable: javascript in [/var/www/html/app/views/layouts/default.ctp, line 50]
2012-02-15 13:38:59 Notice: Notice (8): Undefined variable: javascript in [/var/www/html/app/views/layouts/default.ctp, line 50]
2012-02-15 13:38:59 Notice: Notice (8): Undefined variable: javascript in [/var/www/html/app/views/layouts/default.ctp, line 50]
2012-02-15 13:38:59 Notice: Notice (8): Undefined variable: javascript in [/var/www/html/app/views/layouts/default.ctp, line 50]
2012-02-15 13:39:00 Notice: Notice (8): Undefined variable: javascript in [/var/www/html/app/views/layouts/default.ctp, line 50]
2012-02-15 13:39:06 Notice: Notice (8): Undefined variable: javascript in [/var/www/html/app/views/layouts/default.ctp, line 50]
2012-02-15 13:39:07 Notice: Notice (8): Undefined variable: javascript in [/var/www/html/app/views/layouts/default.ctp, line 50]
2012-02-15 13:39:31 Notice: Notice (8): Undefined variable: javascript in [/var/www/html/app/views/layouts/default.ctp, line 50]
2012-02-15 13:39:32 Notice: Notice (8): Undefined variable: javascript in [/var/www/html/app/views/layouts/default.ctp, line 50]
2012-02-15 13:39:36 Notice: Notice (8): Undefined variable: javascript in [/var/www/html/app/views/layouts/default.ctp, line 50]
2012-02-15 13:39:38 Notice: Notice (8): Undefined variable: javascript in [/var/www/html/app/views/layouts/default.ctp, line 50]
2012-02-15 13:39:38 Notice: Notice (8): Undefined variable: javascript in [/var/www/html/app/views/layouts/default.ctp, line 50]
2012-02-15 13:39:44 Notice: Notice (8): Undefined variable: javascript in [/var/www/html/app/views/layouts/default.ctp, line 50]
2012-02-15 13:39:44 Notice: Notice (8): Undefined variable: javascript in [/var/www/html/app/views/layouts/default.ctp, line 50]
2012-02-15 13:39:51 Notice: Notice (8): Undefined variable: javascript in [/var/www/html/app/views/layouts/default.ctp, line 50]
2012-02-15 13:39:51 Notice: Notice (8): Undefined variable: javascript in [/var/www/html/app/views/layouts/default.ctp, line 50]
2012-02-15 13:39:52 Notice: Notice (8): Undefined variable: javascript in [/var/www/html/app/views/layouts/default.ctp, line 50]
2012-02-15 13:39:53 Notice: Notice (8): Undefined variable: javascript in [/var/www/html/app/views/layouts/default.ctp, line 50]
2012-02-15 13:39:59 Notice: Notice (8): Undefined variable: javascript in [/var/www/html/app/views/layouts/default.ctp, line 50]
2012-02-15 13:40:07 Notice: Notice (8): Undefined variable: javascript in [/var/www/html/app/views/layouts/default.ctp, line 50]
2012-02-15 13:40:09 Notice: Notice (8): Undefined variable: javascript in [/var/www/html/app/views/layouts/default.ctp, line 50]
2012-02-15 13:40:09 Notice: Notice (8): Undefined variable: javascript in [/var/www/html/app/views/layouts/default.ctp, line 50]
2012-02-15 13:40:20 Notice: Notice (8): Undefined variable: javascript in [/var/www/html/app/views/layouts/default.ctp, line 50]
2012-02-15 13:40:22 Notice: Notice (8): Undefined variable: javascript in [/var/www/html/app/views/layouts/default.ctp, line 50]
2012-02-15 13:40:22 Notice: Notice (8): Undefined variable: javascript in [/var/www/html/app/views/layouts/default.ctp, line 50]
2012-02-15 13:41:00 Notice: Notice (8): Undefined variable: javascript in [/var/www/html/app/views/layouts/default.ctp, line 50]
2012-02-15 13:41:18 Notice: Notice (8): Undefined variable: javascript in [/var/www/html/app/views/layouts/default.ctp, line 50]
2012-02-15 13:41:20 Notice: Notice (8): Undefined variable: javascript in [/var/www/html/app/views/layouts/default.ctp, line 50]
2012-02-15 13:41:20 Notice: Notice (8): Undefined variable: javascript in [/var/www/html/app/views/layouts/default.ctp, line 50]
2012-02-15 14:05:13 Notice: Notice (8): Undefined variable: javascript in [/var/www/html/app/views/layouts/default.ctp, line 50]
2012-02-15 14:05:14 Notice: Notice (8): Undefined variable: javascript in [/var/www/html/app/views/layouts/default.ctp, line 50]
2012-02-15 14:05:20 Notice: Notice (8): Undefined variable: javascript in [/var/www/html/app/views/layouts/default.ctp, line 50]
2012-02-15 14:05:20 Notice: Notice (8): Undefined variable: javascript in [/var/www/html/app/views/layouts/default.ctp, line 50]
2012-02-15 14:05:22 Notice: Notice (8): Undefined variable: javascript in [/var/www/html/app/views/layouts/default.ctp, line 50]
2012-02-15 14:05:22 Notice: Notice (8): Undefined variable: javascript in [/var/www/html/app/views/layouts/default.ctp, line 50]
2012-02-15 14:05:26 Notice: Notice (8): Undefined variable: javascript in [/var/www/html/app/views/layouts/default.ctp, line 50]
2012-02-15 14:08:44 Notice: Notice (8): Undefined variable: javascript in [/var/www/html/app/views/layouts/default.ctp, line 50]
2012-02-15 14:08:44 Notice: Notice (8): Undefined variable: javascript in [/var/www/html/app/views/layouts/default.ctp, line 50]
2012-02-15 14:08:47 Notice: Notice (8): Undefined variable: javascript in [/var/www/html/app/views/layouts/default.ctp, line 50]
2012-02-15 14:08:47 Notice: Notice (8): Undefined variable: javascript in [/var/www/html/app/views/layouts/default.ctp, line 50]
2012-02-15 14:08:49 Notice: Notice (8): Undefined variable: javascript in [/var/www/html/app/views/layouts/default.ctp, line 50]
2012-02-15 14:08:50 Notice: Notice (8): Undefined variable: javascript in [/var/www/html/app/views/layouts/default.ctp, line 50]
2012-02-15 14:08:50 Notice: Notice (8): Undefined variable: javascript in [/var/www/html/app/views/layouts/default.ctp, line 50]
2012-02-15 14:08:51 Notice: Notice (8): Undefined variable: javascript in [/var/www/html/app/views/layouts/default.ctp, line 50]
2012-02-15 14:08:51 Notice: Notice (8): Undefined variable: javascript in [/var/www/html/app/views/layouts/default.ctp, line 50]
2012-02-15 14:08:52 Notice: Notice (8): Undefined variable: javascript in [/var/www/html/app/views/layouts/default.ctp, line 50]
2012-02-15 14:09:07 Notice: Notice (8): Undefined variable: javascript in [/var/www/html/app/views/layouts/default.ctp, line 50]
2012-02-15 14:09:07 Notice: Notice (8): Undefined variable: javascript in [/var/www/html/app/views/layouts/default.ctp, line 50]
2012-02-15 14:10:46 Notice: Notice (8): Undefined variable: javascript in [/var/www/html/app/views/layouts/default.ctp, line 47]
2012-02-15 14:10:47 Notice: Notice (8): Undefined variable: javascript in [/var/www/html/app/views/layouts/default.ctp, line 47]
2012-02-15 14:10:48 Notice: Notice (8): Undefined variable: javascript in [/var/www/html/app/views/layouts/default.ctp, line 47]
2012-02-15 14:10:49 Notice: Notice (8): Undefined variable: javascript in [/var/www/html/app/views/layouts/default.ctp, line 47]
2012-02-15 14:10:51 Notice: Notice (8): Undefined variable: javascript in [/var/www/html/app/views/layouts/default.ctp, line 47]
2012-02-15 14:10:53 Notice: Notice (8): Undefined variable: javascript in [/var/www/html/app/views/layouts/default.ctp, line 47]
2012-02-15 14:10:54 Notice: Notice (8): Undefined variable: javascript in [/var/www/html/app/views/layouts/default.ctp, line 47]
2012-02-15 14:10:55 Notice: Notice (8): Undefined variable: javascript in [/var/www/html/app/views/layouts/default.ctp, line 47]
2012-02-15 14:10:57 Notice: Notice (8): Undefined variable: javascript in [/var/www/html/app/views/layouts/default.ctp, line 47]
2012-02-15 14:11:06 Notice: Notice (8): Undefined variable: javascript in [/var/www/html/app/views/layouts/default.ctp, line 47]
2012-02-15 14:11:10 Notice: Notice (8): Undefined variable: javascript in [/var/www/html/app/views/layouts/default.ctp, line 47]
2012-02-15 14:11:19 Notice: Notice (8): Undefined variable: javascript in [/var/www/html/app/views/layouts/default.ctp, line 47]
2012-02-15 14:12:25 Notice: Notice (8): Undefined variable: javascript in [/var/www/html/app/views/layouts/default.ctp, line 47]
2012-02-15 14:12:27 Notice: Notice (8): Undefined variable: javascript in [/var/www/html/app/views/layouts/default.ctp, line 47]
2012-02-15 14:12:34 Notice: Notice (8): Undefined variable: javascript in [/var/www/html/app/views/layouts/default.ctp, line 47]
2012-02-15 14:12:36 Notice: Notice (8): Undefined variable: javascript in [/var/www/html/app/views/layouts/default.ctp, line 47]
2012-02-15 14:12:37 Notice: Notice (8): Undefined variable: javascript in [/var/www/html/app/views/layouts/default.ctp, line 47]
2012-02-15 14:12:39 Notice: Notice (8): Undefined variable: javascript in [/var/www/html/app/views/layouts/default.ctp, line 47]
2012-02-15 14:12:49 Notice: Notice (8): Undefined variable: javascript in [/var/www/html/app/views/layouts/default.ctp, line 47]
2012-02-15 14:12:52 Notice: Notice (8): Undefined variable: javascript in [/var/www/html/app/views/layouts/default.ctp, line 47]
2012-02-15 14:13:16 Notice: Notice (8): Undefined variable: javascript in [/var/www/html/app/views/layouts/default.ctp, line 47]
2012-02-15 14:13:21 Notice: Notice (8): Undefined variable: javascript in [/var/www/html/app/views/layouts/default.ctp, line 47]
2012-02-15 14:13:22 Notice: Notice (8): Undefined variable: javascript in [/var/www/html/app/views/layouts/default.ctp, line 47]
2012-02-15 14:13:27 Notice: Notice (8): Undefined variable: javascript in [/var/www/html/app/views/layouts/default.ctp, line 47]
2012-02-15 14:13:29 Notice: Notice (8): Undefined variable: javascript in [/var/www/html/app/views/layouts/default.ctp, line 47]
2012-02-15 14:13:38 Notice: Notice (8): Undefined variable: javascript in [/var/www/html/app/views/layouts/default.ctp, line 47]
2012-02-15 14:13:40 Notice: Notice (8): Undefined variable: javascript in [/var/www/html/app/views/layouts/default.ctp, line 47]
2012-02-15 14:13:41 Notice: Notice (8): Undefined variable: javascript in [/var/www/html/app/views/layouts/default.ctp, line 47]
2012-02-15 14:16:51 Notice: Notice (8): Undefined variable: javascript in [/var/www/html/app/views/layouts/default.ctp, line 47]
2012-02-15 14:16:54 Notice: Notice (8): Undefined variable: javascript in [/var/www/html/app/views/layouts/default.ctp, line 47]
2012-02-15 14:16:54 Notice: Notice (8): Undefined variable: javascript in [/var/www/html/app/views/layouts/default.ctp, line 47]
2012-02-15 14:19:03 Notice: Notice (8): Undefined variable: javascript in [/var/www/html/app/views/layouts/default.ctp, line 47]
2012-02-15 14:19:08 Notice: Notice (8): Undefined variable: javascript in [/var/www/html/app/views/layouts/default.ctp, line 47]
2012-02-15 14:19:11 Notice: Notice (8): Undefined variable: javascript in [/var/www/html/app/views/layouts/default.ctp, line 47]
2012-02-15 14:19:16 Notice: Notice (8): Undefined variable: javascript in [/var/www/html/app/views/layouts/default.ctp, line 47]
2012-02-15 14:20:16 Notice: Notice (8): Undefined variable: javascript in [/var/www/html/app/views/layouts/default.ctp, line 47]
2012-02-15 14:20:18 Notice: Notice (8): Undefined variable: javascript in [/var/www/html/app/views/layouts/default.ctp, line 47]
2012-02-15 14:20:21 Notice: Notice (8): Undefined variable: javascript in [/var/www/html/app/views/layouts/default.ctp, line 47]
2012-02-15 14:20:27 Notice: Notice (8): Undefined variable: javascript in [/var/www/html/app/views/layouts/default.ctp, line 47]
2012-02-15 14:21:15 Notice: Notice (8): Undefined variable: javascript in [/var/www/html/app/views/layouts/default.ctp, line 47]
2012-02-15 14:21:17 Notice: Notice (8): Undefined variable: javascript in [/var/www/html/app/views/layouts/default.ctp, line 47]
2012-02-15 14:22:52 Notice: Notice (8): Undefined variable: javascript in [/var/www/html/app/views/layouts/default.ctp, line 47]
2012-02-15 14:25:08 Notice: Notice (8): Undefined variable: javascript in [/var/www/html/app/views/layouts/default.ctp, line 47]
2012-02-15 14:25:09 Notice: Notice (8): Undefined variable: javascript in [/var/www/html/app/views/layouts/default.ctp, line 47]
2012-02-15 14:25:15 Notice: Notice (8): Undefined variable: javascript in [/var/www/html/app/views/layouts/default.ctp, line 47]
2012-02-15 14:25:16 Notice: Notice (8): Undefined variable: javascript in [/var/www/html/app/views/layouts/default.ctp, line 47]
2012-02-15 14:25:18 Notice: Notice (8): Undefined variable: javascript in [/var/www/html/app/views/layouts/default.ctp, line 47]
2012-02-15 14:25:21 Notice: Notice (8): Undefined variable: javascript in [/var/www/html/app/views/layouts/default.ctp, line 47]
2012-02-15 14:25:22 Notice: Notice (8): Undefined variable: javascript in [/var/www/html/app/views/layouts/default.ctp, line 47]
2012-02-15 14:25:24 Notice: Notice (8): Undefined variable: javascript in [/var/www/html/app/views/layouts/default.ctp, line 47]
2012-02-15 14:25:35 Notice: Notice (8): Undefined variable: javascript in [/var/www/html/app/views/layouts/default.ctp, line 47]
2012-02-15 14:25:38 Notice: Notice (8): Undefined variable: javascript in [/var/www/html/app/views/layouts/default.ctp, line 47]
2012-02-15 14:25:42 Notice: Notice (8): Undefined variable: javascript in [/var/www/html/app/views/layouts/default.ctp, line 47]
2012-02-15 14:25:43 Notice: Notice (8): Undefined variable: javascript in [/var/www/html/app/views/layouts/default.ctp, line 47]
2012-02-15 14:25:51 Notice: Notice (8): Undefined variable: javascript in [/var/www/html/app/views/layouts/default.ctp, line 47]
2012-02-15 14:25:56 Notice: Notice (8): Undefined variable: javascript in [/var/www/html/app/views/layouts/default.ctp, line 47]
2012-02-15 14:27:13 Notice: Notice (8): Undefined variable: javascript in [/var/www/html/app/views/layouts/default.ctp, line 47]
2012-02-15 14:27:15 Notice: Notice (8): Undefined variable: javascript in [/var/www/html/app/views/layouts/default.ctp, line 47]
2012-02-15 14:28:01 Notice: Notice (8): Undefined variable: javascript in [/var/www/html/app/views/layouts/default.ctp, line 47]
2012-02-15 14:28:29 Notice: Notice (8): Undefined variable: javascript in [/var/www/html/app/views/layouts/default.ctp, line 47]
2012-02-15 14:28:43 Notice: Notice (8): Undefined variable: javascript in [/var/www/html/app/views/layouts/default.ctp, line 47]
2012-02-15 14:31:40 Notice: Notice (8): Undefined variable: javascript in [/var/www/html/app/views/layouts/default.ctp, line 47]
2012-02-15 17:31:05 Notice: Notice (8): Undefined variable: javascript in [/var/www/html/app/views/layouts/default.ctp, line 47]
2012-02-15 17:31:32 Notice: Notice (8): Undefined variable: javascript in [/var/www/html/app/views/layouts/default.ctp, line 47]
2012-02-15 17:31:51 Notice: Notice (8): Undefined variable: javascript in [/var/www/html/app/views/layouts/default.ctp, line 47]
2012-02-15 17:31:53 Notice: Notice (8): Undefined variable: javascript in [/var/www/html/app/views/layouts/default.ctp, line 47]
2012-02-15 17:31:56 Notice: Notice (8): Undefined variable: javascript in [/var/www/html/app/views/layouts/default.ctp, line 47]
2012-02-15 17:31:58 Notice: Notice (8): Undefined variable: javascript in [/var/www/html/app/views/layouts/default.ctp, line 47]
2012-02-15 17:32:51 Notice: Notice (8): Undefined variable: javascript in [/var/www/html/app/views/layouts/default.ctp, line 47]
2012-02-15 17:32:53 Notice: Notice (8): Undefined variable: javascript in [/var/www/html/app/views/layouts/default.ctp, line 47]
2012-02-15 17:32:57 Notice: Notice (8): Undefined variable: javascript in [/var/www/html/app/views/layouts/default.ctp, line 47]
2012-02-15 17:33:00 Notice: Notice (8): Undefined variable: javascript in [/var/www/html/app/views/layouts/default.ctp, line 47]
2012-02-15 17:33:02 Notice: Notice (8): Undefined variable: javascript in [/var/www/html/app/views/layouts/default.ctp, line 47]
2012-02-15 17:33:02 Notice: Notice (8): Undefined variable: javascript in [/var/www/html/app/views/layouts/default.ctp, line 47]
2012-02-15 17:33:04 Notice: Notice (8): Undefined variable: javascript in [/var/www/html/app/views/layouts/default.ctp, line 47]
2012-02-15 17:33:06 Notice: Notice (8): Undefined variable: javascript in [/var/www/html/app/views/layouts/default.ctp, line 47]
2012-02-15 17:33:07 Notice: Notice (8): Undefined variable: javascript in [/var/www/html/app/views/layouts/default.ctp, line 47]
2012-02-15 17:34:08 Notice: Notice (8): Undefined variable: javascript in [/var/www/html/app/views/layouts/default.ctp, line 47]
2012-02-15 17:34:12 Notice: Notice (8): Undefined variable: javascript in [/var/www/html/app/views/layouts/default.ctp, line 47]
2012-02-15 17:34:26 Notice: Notice (8): Undefined variable: javascript in [/var/www/html/app/views/layouts/default.ctp, line 47]
2012-02-15 17:34:34 Notice: Notice (8): Undefined variable: javascript in [/var/www/html/app/views/layouts/default.ctp, line 47]
2012-02-15 17:34:38 Notice: Notice (8): Undefined variable: javascript in [/var/www/html/app/views/layouts/default.ctp, line 47]
2012-02-15 17:34:40 Notice: Notice (8): Undefined variable: javascript in [/var/www/html/app/views/layouts/default.ctp, line 47]
2012-02-15 17:34:47 Notice: Notice (8): Undefined variable: javascript in [/var/www/html/app/views/layouts/default.ctp, line 47]
2012-02-15 17:34:48 Notice: Notice (8): Undefined variable: javascript in [/var/www/html/app/views/layouts/default.ctp, line 47]
2012-02-15 17:35:05 Notice: Notice (8): Undefined variable: javascript in [/var/www/html/app/views/layouts/default.ctp, line 47]
2012-02-15 17:36:19 Notice: Notice (8): Undefined variable: javascript in [/var/www/html/app/views/layouts/default.ctp, line 47]
2012-02-15 17:36:47 Notice: Notice (8): Undefined variable: javascript in [/var/www/html/app/views/layouts/default.ctp, line 47]
2012-02-15 17:36:55 Notice: Notice (8): Undefined variable: javascript in [/var/www/html/app/views/layouts/default.ctp, line 47]
2012-02-15 17:36:59 Notice: Notice (8): Undefined variable: javascript in [/var/www/html/app/views/layouts/default.ctp, line 47]
2012-02-15 17:37:01 Notice: Notice (8): Undefined variable: javascript in [/var/www/html/app/views/layouts/default.ctp, line 47]
2012-02-15 17:37:07 Notice: Notice (8): Undefined variable: javascript in [/var/www/html/app/views/layouts/default.ctp, line 47]
2012-02-15 17:37:10 Notice: Notice (8): Undefined variable: javascript in [/var/www/html/app/views/layouts/default.ctp, line 47]
2012-02-15 17:37:14 Notice: Notice (8): Undefined variable: javascript in [/var/www/html/app/views/layouts/default.ctp, line 47]
2012-02-15 17:37:28 Notice: Notice (8): Undefined variable: javascript in [/var/www/html/app/views/layouts/default.ctp, line 47]
2012-02-15 17:37:31 Notice: Notice (8): Undefined variable: javascript in [/var/www/html/app/views/layouts/default.ctp, line 47]
2012-02-15 17:37:50 Notice: Notice (8): Undefined variable: javascript in [/var/www/html/app/views/layouts/default.ctp, line 47]
2012-02-15 17:37:53 Notice: Notice (8): Undefined variable: javascript in [/var/www/html/app/views/layouts/default.ctp, line 47]
2012-02-15 17:37:58 Notice: Notice (8): Undefined variable: javascript in [/var/www/html/app/views/layouts/default.ctp, line 47]
2012-02-15 17:38:04 Notice: Notice (8): Undefined variable: javascript in [/var/www/html/app/views/layouts/default.ctp, line 47]
2012-02-15 17:38:18 Notice: Notice (8): Undefined variable: javascript in [/var/www/html/app/views/layouts/default.ctp, line 47]
2012-02-15 17:38:54 Notice: Notice (8): Undefined variable: javascript in [/var/www/html/app/views/layouts/default.ctp, line 47]
2012-02-15 17:39:34 Notice: Notice (8): Undefined variable: javascript in [/var/www/html/app/views/layouts/default.ctp, line 47]
2012-02-15 21:22:02 Notice: Notice (8): Undefined variable: javascript in [/var/www/html/app/views/layouts/default.ctp, line 47]
2012-02-15 21:23:20 Notice: Notice (8): Undefined variable: javascript in [/var/www/html/app/views/layouts/default.ctp, line 47]
2012-02-15 21:23:22 Notice: Notice (8): Undefined variable: javascript in [/var/www/html/app/views/layouts/default.ctp, line 47]
2012-02-15 21:23:53 Notice: Notice (8): Undefined variable: javascript in [/var/www/html/app/views/layouts/default.ctp, line 47]
2012-02-15 21:23:57 Notice: Notice (8): Undefined variable: javascript in [/var/www/html/app/views/layouts/default.ctp, line 47]
2012-02-15 21:32:04 Notice: Notice (8): Undefined variable: javascript in [/var/www/html/app/views/layouts/default.ctp, line 47]
2012-02-15 21:32:09 Notice: Notice (8): Undefined variable: javascript in [/var/www/html/app/views/layouts/default.ctp, line 47]
2012-02-15 21:32:15 Notice: Notice (8): Undefined variable: javascript in [/var/www/html/app/views/layouts/default.ctp, line 47]
2012-02-15 21:33:09 Notice: Notice (8): Undefined variable: javascript in [/var/www/html/app/views/layouts/default.ctp, line 47]
2012-02-15 21:38:42 Notice: Notice (8): Undefined variable: javascript in [/var/www/html/app/views/layouts/default.ctp, line 47]
2012-02-15 21:50:59 Notice: Notice (8): Undefined variable: javascript in [/var/www/html/app/views/layouts/default.ctp, line 47]
2012-02-15 21:51:13 Notice: Notice (8): Undefined variable: javascript in [/var/www/html/app/views/layouts/default.ctp, line 47]
2012-02-15 21:51:18 Notice: Notice (8): Undefined variable: javascript in [/var/www/html/app/views/layouts/default.ctp, line 47]
2012-02-15 21:51:55 Notice: Notice (8): Undefined variable: javascript in [/var/www/html/app/views/layouts/default.ctp, line 47]
2012-02-15 21:53:54 Notice: Notice (8): Undefined variable: javascript in [/var/www/html/app/views/layouts/default.ctp, line 47]
2012-02-15 21:54:18 Notice: Notice (8): Undefined variable: javascript in [/var/www/html/app/views/layouts/default.ctp, line 47]
2012-02-15 21:55:14 Notice: Notice (8): Undefined variable: javascript in [/var/www/html/app/views/layouts/default.ctp, line 47]
2012-02-15 21:55:20 Notice: Notice (8): Undefined variable: javascript in [/var/www/html/app/views/layouts/default.ctp, line 47]
2012-02-15 21:55:21 Notice: Notice (8): Undefined variable: javascript in [/var/www/html/app/views/layouts/default.ctp, line 47]
2012-02-15 21:55:51 Notice: Notice (8): Undefined variable: javascript in [/var/www/html/app/views/layouts/default.ctp, line 47]
2012-02-15 21:56:06 Notice: Notice (8): Undefined variable: javascript in [/var/www/html/app/views/layouts/default.ctp, line 47]
2012-02-15 21:58:17 Notice: Notice (8): Undefined index: error in [/var/www/html/app/controllers/facebook_auths_controller.php, line 68]
2012-02-15 21:58:17 Notice: Notice (8): Undefined variable: javascript in [/var/www/html/app/views/layouts/default.ctp, line 47]
2012-02-15 21:58:20 Notice: Notice (8): Undefined index: error in [/var/www/html/app/controllers/facebook_auths_controller.php, line 68]
2012-02-15 21:58:21 Notice: Notice (8): Undefined variable: javascript in [/var/www/html/app/views/layouts/default.ctp, line 47]
2012-02-15 22:00:02 Notice: Notice (8): Undefined variable: javascript in [/var/www/html/app/views/layouts/default.ctp, line 47]
2012-02-15 22:00:05 Notice: Notice (8): Undefined variable: javascript in [/var/www/html/app/views/layouts/default.ctp, line 47]
2012-02-15 22:01:39 Notice: Notice (8): Undefined variable: javascript in [/var/www/html/app/views/layouts/default.ctp, line 47]
2012-02-15 22:05:49 Notice: Notice (8): Undefined variable: javascript in [/var/www/html/app/views/layouts/default.ctp, line 47]
2012-02-15 22:05:50 Notice: Notice (8): Undefined variable: javascript in [/var/www/html/app/views/layouts/default.ctp, line 47]
2012-02-15 22:06:00 Notice: Notice (8): Undefined variable: javascript in [/var/www/html/app/views/layouts/default.ctp, line 47]
2012-02-15 22:06:49 Notice: Notice (8): Undefined variable: javascript in [/var/www/html/app/views/layouts/default.ctp, line 47]
2012-02-15 22:07:23 Notice: Notice (8): Undefined variable: javascript in [/var/www/html/app/views/layouts/default.ctp, line 47]
2012-02-15 22:25:58 Notice: Notice (8): Undefined variable: javascript in [/var/www/html/app/views/layouts/default.ctp, line 47]
2012-02-15 22:26:54 Notice: Notice (8): Undefined variable: javascript in [/var/www/html/app/views/layouts/default.ctp, line 47]
2012-02-15 22:26:55 Notice: Notice (8): Undefined variable: javascript in [/var/www/html/app/views/layouts/default.ctp, line 47]
2012-02-15 22:29:37 Notice: Notice (8): Undefined variable: javascript in [/var/www/html/app/views/layouts/default.ctp, line 47]
2012-02-15 22:29:43 Notice: Notice (8): Undefined variable: javascript in [/var/www/html/app/views/layouts/default.ctp, line 47]
2012-02-15 22:29:44 Notice: Notice (8): Undefined variable: javascript in [/var/www/html/app/views/layouts/default.ctp, line 47]
2012-02-15 22:30:12 Notice: Notice (8): Undefined variable: javascript in [/var/www/html/app/views/layouts/default.ctp, line 47]
2012-02-15 22:30:55 Notice: Notice (8): Undefined variable: javascript in [/var/www/html/app/views/layouts/default.ctp, line 47]
2012-02-15 22:30:55 Notice: Notice (8): Undefined variable: javascript in [/var/www/html/app/views/layouts/default.ctp, line 47]
2012-02-15 22:31:09 Notice: Notice (8): Undefined variable: javascript in [/var/www/html/app/views/layouts/default.ctp, line 47]
2012-02-15 22:34:32 Notice: Notice (8): Undefined variable: javascript in [/var/www/html/app/views/layouts/default.ctp, line 47]
2012-02-15 22:34:40 Notice: Notice (8): Undefined variable: javascript in [/var/www/html/app/views/layouts/default.ctp, line 47]
2012-02-15 22:38:04 Notice: Notice (8): Undefined variable: javascript in [/var/www/html/app/views/layouts/default.ctp, line 47]
2012-02-15 22:45:29 Notice: Notice (8): Undefined variable: javascript in [/var/www/html/app/views/layouts/default.ctp, line 47]
2012-02-15 22:45:55 Notice: Notice (8): Undefined variable: javascript in [/var/www/html/app/views/layouts/default.ctp, line 47]
2012-02-15 22:46:57 Notice: Notice (8): Undefined variable: javascript in [/var/www/html/app/views/layouts/default.ctp, line 47]
2012-02-15 22:47:03 Notice: Notice (8): Undefined variable: javascript in [/var/www/html/app/views/layouts/default.ctp, line 47]
2012-02-15 22:51:43 Notice: Notice (8): Undefined variable: javascript in [/var/www/html/app/views/layouts/default.ctp, line 47]
2012-02-15 22:51:44 Notice: Notice (8): Undefined variable: javascript in [/var/www/html/app/views/layouts/default.ctp, line 47]
2012-02-15 22:51:46 Notice: Notice (8): Undefined variable: javascript in [/var/www/html/app/views/layouts/default.ctp, line 47]
2012-02-15 23:12:55 Notice: Notice (8): Undefined variable: javascript in [/var/www/html/app/views/layouts/default.ctp, line 47]
2012-02-15 23:12:56 Notice: Notice (8): Undefined variable: javascript in [/var/www/html/app/views/layouts/default.ctp, line 47]
2012-02-15 23:13:02 Notice: Notice (8): Undefined variable: javascript in [/var/www/html/app/views/layouts/default.ctp, line 47]
2012-02-15 23:13:42 Notice: Notice (8): Undefined variable: javascript in [/var/www/html/app/views/layouts/default.ctp, line 47]
2012-02-15 23:13:54 Notice: Notice (8): Undefined variable: javascript in [/var/www/html/app/views/layouts/default.ctp, line 47]
2012-02-15 23:13:56 Notice: Notice (8): Undefined variable: javascript in [/var/www/html/app/views/layouts/default.ctp, line 47]
2012-02-15 23:15:16 Notice: Notice (8): Undefined variable: javascript in [/var/www/html/app/views/layouts/default.ctp, line 47]
2012-02-15 23:15:21 Notice: Notice (8): Undefined variable: url in [/var/www/html/app/controllers/facebook_auths_controller.php, line 67]
2012-02-15 23:15:21 Notice: Notice (8): Undefined variable: javascript in [/var/www/html/app/views/layouts/default.ctp, line 47]
2012-02-15 23:15:22 Notice: Notice (8): Undefined variable: javascript in [/var/www/html/app/views/layouts/default.ctp, line 47]
2012-02-15 23:17:07 Notice: Notice (8): Undefined variable: javascript in [/var/www/html/app/views/layouts/default.ctp, line 47]
2012-02-15 23:17:09 Notice: Notice (8): Undefined variable: javascript in [/var/www/html/app/views/layouts/default.ctp, line 47]
2012-02-15 23:17:10 Notice: Notice (8): Undefined variable: javascript in [/var/www/html/app/views/layouts/default.ctp, line 47]
2012-02-15 23:17:56 Notice: Notice (8): Undefined variable: javascript in [/var/www/html/app/views/layouts/default.ctp, line 47]
2012-02-15 23:34:29 Notice: Notice (8): Undefined variable: javascript in [/var/www/html/app/views/layouts/default.ctp, line 47]
2012-02-15 23:34:59 Notice: Notice (8): Undefined variable: javascript in [/var/www/html/app/views/layouts/default.ctp, line 47]
2012-02-15 23:37:05 Notice: Notice (8): Undefined variable: javascript in [/var/www/html/app/views/layouts/default.ctp, line 47]
2012-02-15 23:37:53 Notice: Notice (8): Undefined variable: javascript in [/var/www/html/app/views/layouts/default.ctp, line 47]
2012-02-15 23:38:15 Notice: Notice (8): Undefined variable: javascript in [/var/www/html/app/views/layouts/default.ctp, line 47]
2012-02-15 23:41:13 Notice: Notice (8): Undefined variable: javascript in [/var/www/html/app/views/layouts/default.ctp, line 47]
2012-02-15 23:46:47 Notice: Notice (8): Undefined variable: javascript in [/var/www/html/app/views/layouts/default.ctp, line 47]
2012-02-15 23:48:05 Notice: Notice (8): Undefined variable: javascript in [/var/www/html/app/views/layouts/default.ctp, line 47]
2012-02-15 23:48:07 Notice: Notice (8): Undefined variable: javascript in [/var/www/html/app/views/layouts/default.ctp, line 47]
2012-02-16 08:29:18 Notice: Notice (8): Undefined variable: javascript in [/var/www/html/app/views/layouts/default.ctp, line 47]
